2022-11-15 11:08:12.533  INFO 17724 --- [SpringApplicationShutdownHook] j.LocalContainerEntityManagerFactoryBean : Closing JPA EntityManagerFactory for persistence unit 'default'
2022-11-15 11:08:12.682  INFO 17724 --- [SpringApplicationShutdownHook] com.zaxxer.hikari.HikariDataSource       : HikariPool-1 - Shutdown initiated...
2022-11-15 11:08:12.708  INFO 17724 --- [SpringApplicationShutdownHook] com.zaxxer.hikari.HikariDataSource       : HikariPool-1 - Shutdown completed.
2022-11-15 11:08:26.862  INFO 13120 --- [restartedMain] com.student.ust.UstApplication           : Starting UstApplication using Java 1.8.0_241 on ustfsd02 with PID 13120 (C:\Users\ustjavafsdb201\Downloads\ust\target\classes started by ustjavafsdb201 in C:\Users\ustjavafsdb201\Downloads\ust)
2022-11-15 11:08:26.865 DEBUG 13120 --- [restartedMain] com.student.ust.UstApplication           : Running with Spring Boot v2.7.5, Spring v5.3.23
2022-11-15 11:08:26.866  INFO 13120 --- [restartedMain] com.student.ust.UstApplication           : The following 1 profile is active: "dev"
2022-11-15 11:08:26.973  INFO 13120 --- [restartedMain] .e.DevToolsPropertyDefaultsPostProcessor : Devtools property defaults active! Set 'spring.devtools.add-properties' to 'false' to disable
2022-11-15 11:08:26.974  INFO 13120 --- [restartedMain] .e.DevToolsPropertyDefaultsPostProcessor : For additional web related logging consider setting the 'logging.level.web' property to 'DEBUG'
2022-11-15 11:08:28.794  INFO 13120 --- [restartedMain] .s.d.r.c.RepositoryConfigurationDelegate : Bootstrapping Spring Data JPA repositories in DEFAULT mode.
2022-11-15 11:08:28.904  INFO 13120 --- [restartedMain] .s.d.r.c.RepositoryConfigurationDelegate : Finished Spring Data repository scanning in 93 ms. Found 2 JPA repository interfaces.
2022-11-15 11:08:30.380  INFO 13120 --- [restartedMain] o.s.b.w.embedded.tomcat.TomcatWebServer  : Tomcat initialized with port(s): 8080 (http)
2022-11-15 11:08:30.401  INFO 13120 --- [restartedMain] o.apache.catalina.core.StandardService   : Starting service [Tomcat]
2022-11-15 11:08:30.402  INFO 13120 --- [restartedMain] org.apache.catalina.core.StandardEngine  : Starting Servlet engine: [Apache Tomcat/9.0.68]
2022-11-15 11:08:30.694  INFO 13120 --- [restartedMain] o.a.c.c.C.[Tomcat].[localhost].[/]       : Initializing Spring embedded WebApplicationContext
2022-11-15 11:08:30.695  INFO 13120 --- [restartedMain] w.s.c.ServletWebServerApplicationContext : Root WebApplicationContext: initialization completed in 3720 ms
2022-11-15 11:08:31.148  INFO 13120 --- [restartedMain] o.hibernate.jpa.internal.util.LogHelper  : HHH000204: Processing PersistenceUnitInfo [name: default]
2022-11-15 11:08:31.284  INFO 13120 --- [restartedMain] org.hibernate.Version                    : HHH000412: Hibernate ORM core version 5.6.12.Final
2022-11-15 11:08:31.693  INFO 13120 --- [restartedMain] o.hibernate.annotations.common.Version   : HCANN000001: Hibernate Commons Annotations {5.1.2.Final}
2022-11-15 11:08:31.980  INFO 13120 --- [restartedMain] com.zaxxer.hikari.HikariDataSource       : HikariPool-1 - Starting...
2022-11-15 11:08:32.708  INFO 13120 --- [restartedMain] com.zaxxer.hikari.HikariDataSource       : HikariPool-1 - Start completed.
2022-11-15 11:08:32.748  INFO 13120 --- [restartedMain] org.hibernate.dialect.Dialect            : HHH000400: Using dialect: org.hibernate.dialect.MySQL5Dialect
2022-11-15 11:08:34.439 DEBUG 13120 --- [restartedMain] org.hibernate.SQL                        : alter table book_ust_details_identitymappedbytest add constraint FKn100udym3gufc79wcdbpw7snq foreign key (student_student_id) references student_ustbatch_identitymappedbytestest (student_id)
2022-11-15 11:08:34.635 DEBUG 13120 --- [restartedMain] org.hibernate.SQL                        : alter table student_ustbatch_identitymappedbytestest add constraint FK19m3ft81ik3w69ik5c5bdn6pv foreign key (book_id) references book_ust_details_identitymappedbytest (book_id)
2022-11-15 11:08:34.716  INFO 13120 --- [restartedMain] o.h.e.t.j.p.i.JtaPlatformInitiator       : HHH000490: Using JtaPlatform implementation: [org.hibernate.engine.transaction.jta.platform.internal.NoJtaPlatform]
2022-11-15 11:08:34.736  INFO 13120 --- [restartedMain] j.LocalContainerEntityManagerFactoryBean : Initialized JPA EntityManagerFactory for persistence unit 'default'
2022-11-15 11:08:36.944  WARN 13120 --- [restartedMain] JpaBaseConfiguration$JpaWebConfiguration : spring.jpa.open-in-view is enabled by default. Therefore, database queries may be performed during view rendering. Explicitly configure spring.jpa.open-in-view to disable this warning
2022-11-15 11:08:37.264  INFO 13120 --- [restartedMain] pertySourcedRequestMappingHandlerMapping : Mapped URL path [/v2/api-docs] onto method [springfox.documentation.swagger2.web.Swagger2Controller#getDocumentation(String, HttpServletRequest)]
2022-11-15 11:08:37.619  INFO 13120 --- [restartedMain] o.s.b.d.a.OptionalLiveReloadServer       : LiveReload server is running on port 35729
2022-11-15 11:08:39.484  INFO 13120 --- [restartedMain] o.s.b.w.embedded.tomcat.TomcatWebServer  : Tomcat started on port(s): 8080 (http) with context path ''
2022-11-15 11:08:39.496  INFO 13120 --- [restartedMain] d.s.w.p.DocumentationPluginsBootstrapper : Context refreshed
2022-11-15 11:08:39.556  INFO 13120 --- [restartedMain] d.s.w.p.DocumentationPluginsBootstrapper : Found 1 custom documentation plugin(s)
2022-11-15 11:08:39.672  INFO 13120 --- [restartedMain] s.d.s.w.s.ApiListingReferenceScanner     : Scanning for api listing references
2022-11-15 11:08:39.946  INFO 13120 --- [restartedMain] .d.s.w.r.o.CachingOperationNameGenerator : Generating unique operation named: addUsingPOST_1
2022-11-15 11:08:39.951  INFO 13120 --- [restartedMain] .d.s.w.r.o.CachingOperationNameGenerator : Generating unique operation named: deleteUsingDELETE_1
2022-11-15 11:08:39.955  INFO 13120 --- [restartedMain] .d.s.w.r.o.CachingOperationNameGenerator : Generating unique operation named: getUsingGET_1
2022-11-15 11:08:39.961  INFO 13120 --- [restartedMain] .d.s.w.r.o.CachingOperationNameGenerator : Generating unique operation named: getAllUsingGET_1
2022-11-15 11:08:40.005  INFO 13120 --- [restartedMain] com.student.ust.UstApplication           : Started UstApplication in 13.852 seconds (JVM running for 15.048)
2022-11-15 11:10:43.616  INFO 13120 --- [http-nio-8080-exec-2] o.a.c.c.C.[Tomcat].[localhost].[/]       : Initializing Spring DispatcherServlet 'dispatcherServlet'
2022-11-15 11:10:43.616  INFO 13120 --- [http-nio-8080-exec-2] o.s.web.servlet.DispatcherServlet        : Initializing Servlet 'dispatcherServlet'
2022-11-15 11:10:43.620  INFO 13120 --- [http-nio-8080-exec-2] o.s.web.servlet.DispatcherServlet        : Completed initialization in 3 ms
2022-11-15 11:10:44.154 DEBUG 13120 --- [http-nio-8080-exec-2] org.hibernate.SQL                        : insert into student_ustbatch_identitymappedbytestest (age, book_id, create_date, email, modify_date, name, password, roll_no) values (?, ?, ?, ?, ?, ?, ?, ?)
2022-11-15 11:11:09.010 DEBUG 13120 --- [http-nio-8080-exec-3] org.hibernate.SQL                        : select student0_.student_id as student_1_1_, student0_.age as age2_1_, student0_.book_id as book_id9_1_, student0_.create_date as create_d3_1_, student0_.email as email4_1_, student0_.modify_date as modify_d5_1_, student0_.name as name6_1_, student0_.password as password7_1_, student0_.roll_no as roll_no8_1_ from student_ustbatch_identitymappedbytestest student0_
2022-11-15 11:11:09.063 DEBUG 13120 --- [http-nio-8080-exec-3] org.hibernate.SQL                        : select bookset0_.student_student_id as student_7_0_0_, bookset0_.book_id as book_id1_0_0_, bookset0_.book_id as book_id1_0_1_, bookset0_.book_author as book_aut2_0_1_, bookset0_.book_name as book_nam3_0_1_, bookset0_.create_date as create_d4_0_1_, bookset0_.isbn_no as isbn_no5_0_1_, bookset0_.modify_date as modify_d6_0_1_, bookset0_.student_student_id as student_7_0_1_ from book_ust_details_identitymappedbytest bookset0_ where bookset0_.student_student_id=?
2022-11-15 11:11:09.079 DEBUG 13120 --- [http-nio-8080-exec-3] org.hibernate.SQL                        : select bookset0_.student_student_id as student_7_0_0_, bookset0_.book_id as book_id1_0_0_, bookset0_.book_id as book_id1_0_1_, bookset0_.book_author as book_aut2_0_1_, bookset0_.book_name as book_nam3_0_1_, bookset0_.create_date as create_d4_0_1_, bookset0_.isbn_no as isbn_no5_0_1_, bookset0_.modify_date as modify_d6_0_1_, bookset0_.student_student_id as student_7_0_1_ from book_ust_details_identitymappedbytest bookset0_ where bookset0_.student_student_id=?
2022-11-15 11:11:09.084 DEBUG 13120 --- [http-nio-8080-exec-3] org.hibernate.SQL                        : select bookset0_.student_student_id as student_7_0_0_, bookset0_.book_id as book_id1_0_0_, bookset0_.book_id as book_id1_0_1_, bookset0_.book_author as book_aut2_0_1_, bookset0_.book_name as book_nam3_0_1_, bookset0_.create_date as create_d4_0_1_, bookset0_.isbn_no as isbn_no5_0_1_, bookset0_.modify_date as modify_d6_0_1_, bookset0_.student_student_id as student_7_0_1_ from book_ust_details_identitymappedbytest bookset0_ where bookset0_.student_student_id=?
2022-11-15 11:11:09.086 DEBUG 13120 --- [http-nio-8080-exec-3] org.hibernate.SQL                        : select bookset0_.student_student_id as student_7_0_0_, bookset0_.book_id as book_id1_0_0_, bookset0_.book_id as book_id1_0_1_, bookset0_.book_author as book_aut2_0_1_, bookset0_.book_name as book_nam3_0_1_, bookset0_.create_date as create_d4_0_1_, bookset0_.isbn_no as isbn_no5_0_1_, bookset0_.modify_date as modify_d6_0_1_, bookset0_.student_student_id as student_7_0_1_ from book_ust_details_identitymappedbytest bookset0_ where bookset0_.student_student_id=?
2022-11-15 11:11:09.088 DEBUG 13120 --- [http-nio-8080-exec-3] org.hibernate.SQL                        : select bookset0_.student_student_id as student_7_0_0_, bookset0_.book_id as book_id1_0_0_, bookset0_.book_id as book_id1_0_1_, bookset0_.book_author as book_aut2_0_1_, bookset0_.book_name as book_nam3_0_1_, bookset0_.create_date as create_d4_0_1_, bookset0_.isbn_no as isbn_no5_0_1_, bookset0_.modify_date as modify_d6_0_1_, bookset0_.student_student_id as student_7_0_1_ from book_ust_details_identitymappedbytest bookset0_ where bookset0_.student_student_id=?
2022-11-15 11:11:09.090 DEBUG 13120 --- [http-nio-8080-exec-3] org.hibernate.SQL                        : select bookset0_.student_student_id as student_7_0_0_, bookset0_.book_id as book_id1_0_0_, bookset0_.book_id as book_id1_0_1_, bookset0_.book_author as book_aut2_0_1_, bookset0_.book_name as book_nam3_0_1_, bookset0_.create_date as create_d4_0_1_, bookset0_.isbn_no as isbn_no5_0_1_, bookset0_.modify_date as modify_d6_0_1_, bookset0_.student_student_id as student_7_0_1_ from book_ust_details_identitymappedbytest bookset0_ where bookset0_.student_student_id=?
2022-11-15 11:11:09.092 DEBUG 13120 --- [http-nio-8080-exec-3] org.hibernate.SQL                        : select bookset0_.student_student_id as student_7_0_0_, bookset0_.book_id as book_id1_0_0_, bookset0_.book_id as book_id1_0_1_, bookset0_.book_author as book_aut2_0_1_, bookset0_.book_name as book_nam3_0_1_, bookset0_.create_date as create_d4_0_1_, bookset0_.isbn_no as isbn_no5_0_1_, bookset0_.modify_date as modify_d6_0_1_, bookset0_.student_student_id as student_7_0_1_ from book_ust_details_identitymappedbytest bookset0_ where bookset0_.student_student_id=?
2022-11-15 11:11:09.095 DEBUG 13120 --- [http-nio-8080-exec-3] org.hibernate.SQL                        : select bookset0_.student_student_id as student_7_0_0_, bookset0_.book_id as book_id1_0_0_, bookset0_.book_id as book_id1_0_1_, bookset0_.book_author as book_aut2_0_1_, bookset0_.book_name as book_nam3_0_1_, bookset0_.create_date as create_d4_0_1_, bookset0_.isbn_no as isbn_no5_0_1_, bookset0_.modify_date as modify_d6_0_1_, bookset0_.student_student_id as student_7_0_1_ from book_ust_details_identitymappedbytest bookset0_ where bookset0_.student_student_id=?
2022-11-15 11:11:09.097 DEBUG 13120 --- [http-nio-8080-exec-3] org.hibernate.SQL                        : select bookset0_.student_student_id as student_7_0_0_, bookset0_.book_id as book_id1_0_0_, bookset0_.book_id as book_id1_0_1_, bookset0_.book_author as book_aut2_0_1_, bookset0_.book_name as book_nam3_0_1_, bookset0_.create_date as create_d4_0_1_, bookset0_.isbn_no as isbn_no5_0_1_, bookset0_.modify_date as modify_d6_0_1_, bookset0_.student_student_id as student_7_0_1_ from book_ust_details_identitymappedbytest bookset0_ where bookset0_.student_student_id=?
2022-11-15 11:11:09.100 DEBUG 13120 --- [http-nio-8080-exec-3] org.hibernate.SQL                        : select bookset0_.student_student_id as student_7_0_0_, bookset0_.book_id as book_id1_0_0_, bookset0_.book_id as book_id1_0_1_, bookset0_.book_author as book_aut2_0_1_, bookset0_.book_name as book_nam3_0_1_, bookset0_.create_date as create_d4_0_1_, bookset0_.isbn_no as isbn_no5_0_1_, bookset0_.modify_date as modify_d6_0_1_, bookset0_.student_student_id as student_7_0_1_ from book_ust_details_identitymappedbytest bookset0_ where bookset0_.student_student_id=?
2022-11-15 11:11:09.102 DEBUG 13120 --- [http-nio-8080-exec-3] org.hibernate.SQL                        : select bookset0_.student_student_id as student_7_0_0_, bookset0_.book_id as book_id1_0_0_, bookset0_.book_id as book_id1_0_1_, bookset0_.book_author as book_aut2_0_1_, bookset0_.book_name as book_nam3_0_1_, bookset0_.create_date as create_d4_0_1_, bookset0_.isbn_no as isbn_no5_0_1_, bookset0_.modify_date as modify_d6_0_1_, bookset0_.student_student_id as student_7_0_1_ from book_ust_details_identitymappedbytest bookset0_ where bookset0_.student_student_id=?
2022-11-15 11:11:09.104 DEBUG 13120 --- [http-nio-8080-exec-3] org.hibernate.SQL                        : select bookset0_.student_student_id as student_7_0_0_, bookset0_.book_id as book_id1_0_0_, bookset0_.book_id as book_id1_0_1_, bookset0_.book_author as book_aut2_0_1_, bookset0_.book_name as book_nam3_0_1_, bookset0_.create_date as create_d4_0_1_, bookset0_.isbn_no as isbn_no5_0_1_, bookset0_.modify_date as modify_d6_0_1_, bookset0_.student_student_id as student_7_0_1_ from book_ust_details_identitymappedbytest bookset0_ where bookset0_.student_student_id=?
2022-11-15 11:11:09.106 DEBUG 13120 --- [http-nio-8080-exec-3] org.hibernate.SQL                        : select bookset0_.student_student_id as student_7_0_0_, bookset0_.book_id as book_id1_0_0_, bookset0_.book_id as book_id1_0_1_, bookset0_.book_author as book_aut2_0_1_, bookset0_.book_name as book_nam3_0_1_, bookset0_.create_date as create_d4_0_1_, bookset0_.isbn_no as isbn_no5_0_1_, bookset0_.modify_date as modify_d6_0_1_, bookset0_.student_student_id as student_7_0_1_ from book_ust_details_identitymappedbytest bookset0_ where bookset0_.student_student_id=?
2022-11-15 11:11:09.108 DEBUG 13120 --- [http-nio-8080-exec-3] org.hibernate.SQL                        : select bookset0_.student_student_id as student_7_0_0_, bookset0_.book_id as book_id1_0_0_, bookset0_.book_id as book_id1_0_1_, bookset0_.book_author as book_aut2_0_1_, bookset0_.book_name as book_nam3_0_1_, bookset0_.create_date as create_d4_0_1_, bookset0_.isbn_no as isbn_no5_0_1_, bookset0_.modify_date as modify_d6_0_1_, bookset0_.student_student_id as student_7_0_1_ from book_ust_details_identitymappedbytest bookset0_ where bookset0_.student_student_id=?
2022-11-15 11:11:09.112 DEBUG 13120 --- [http-nio-8080-exec-3] org.hibernate.SQL                        : select bookset0_.student_student_id as student_7_0_0_, bookset0_.book_id as book_id1_0_0_, bookset0_.book_id as book_id1_0_1_, bookset0_.book_author as book_aut2_0_1_, bookset0_.book_name as book_nam3_0_1_, bookset0_.create_date as create_d4_0_1_, bookset0_.isbn_no as isbn_no5_0_1_, bookset0_.modify_date as modify_d6_0_1_, bookset0_.student_student_id as student_7_0_1_ from book_ust_details_identitymappedbytest bookset0_ where bookset0_.student_student_id=?
2022-11-15 11:11:09.114 DEBUG 13120 --- [http-nio-8080-exec-3] org.hibernate.SQL                        : select bookset0_.student_student_id as student_7_0_0_, bookset0_.book_id as book_id1_0_0_, bookset0_.book_id as book_id1_0_1_, bookset0_.book_author as book_aut2_0_1_, bookset0_.book_name as book_nam3_0_1_, bookset0_.create_date as create_d4_0_1_, bookset0_.isbn_no as isbn_no5_0_1_, bookset0_.modify_date as modify_d6_0_1_, bookset0_.student_student_id as student_7_0_1_ from book_ust_details_identitymappedbytest bookset0_ where bookset0_.student_student_id=?
2022-11-15 11:11:09.116 DEBUG 13120 --- [http-nio-8080-exec-3] org.hibernate.SQL                        : select bookset0_.student_student_id as student_7_0_0_, bookset0_.book_id as book_id1_0_0_, bookset0_.book_id as book_id1_0_1_, bookset0_.book_author as book_aut2_0_1_, bookset0_.book_name as book_nam3_0_1_, bookset0_.create_date as create_d4_0_1_, bookset0_.isbn_no as isbn_no5_0_1_, bookset0_.modify_date as modify_d6_0_1_, bookset0_.student_student_id as student_7_0_1_ from book_ust_details_identitymappedbytest bookset0_ where bookset0_.student_student_id=?
2022-11-15 11:11:09.118 DEBUG 13120 --- [http-nio-8080-exec-3] org.hibernate.SQL                        : select bookset0_.student_student_id as student_7_0_0_, bookset0_.book_id as book_id1_0_0_, bookset0_.book_id as book_id1_0_1_, bookset0_.book_author as book_aut2_0_1_, bookset0_.book_name as book_nam3_0_1_, bookset0_.create_date as create_d4_0_1_, bookset0_.isbn_no as isbn_no5_0_1_, bookset0_.modify_date as modify_d6_0_1_, bookset0_.student_student_id as student_7_0_1_ from book_ust_details_identitymappedbytest bookset0_ where bookset0_.student_student_id=?
2022-11-15 11:11:09.121 DEBUG 13120 --- [http-nio-8080-exec-3] org.hibernate.SQL                        : select bookset0_.student_student_id as student_7_0_0_, bookset0_.book_id as book_id1_0_0_, bookset0_.book_id as book_id1_0_1_, bookset0_.book_author as book_aut2_0_1_, bookset0_.book_name as book_nam3_0_1_, bookset0_.create_date as create_d4_0_1_, bookset0_.isbn_no as isbn_no5_0_1_, bookset0_.modify_date as modify_d6_0_1_, bookset0_.student_student_id as student_7_0_1_ from book_ust_details_identitymappedbytest bookset0_ where bookset0_.student_student_id=?
2022-11-15 11:11:09.122 DEBUG 13120 --- [http-nio-8080-exec-3] org.hibernate.SQL                        : select bookset0_.student_student_id as student_7_0_0_, bookset0_.book_id as book_id1_0_0_, bookset0_.book_id as book_id1_0_1_, bookset0_.book_author as book_aut2_0_1_, bookset0_.book_name as book_nam3_0_1_, bookset0_.create_date as create_d4_0_1_, bookset0_.isbn_no as isbn_no5_0_1_, bookset0_.modify_date as modify_d6_0_1_, bookset0_.student_student_id as student_7_0_1_ from book_ust_details_identitymappedbytest bookset0_ where bookset0_.student_student_id=?
2022-11-15 11:11:09.124 DEBUG 13120 --- [http-nio-8080-exec-3] org.hibernate.SQL                        : select bookset0_.student_student_id as student_7_0_0_, bookset0_.book_id as book_id1_0_0_, bookset0_.book_id as book_id1_0_1_, bookset0_.book_author as book_aut2_0_1_, bookset0_.book_name as book_nam3_0_1_, bookset0_.create_date as create_d4_0_1_, bookset0_.isbn_no as isbn_no5_0_1_, bookset0_.modify_date as modify_d6_0_1_, bookset0_.student_student_id as student_7_0_1_ from book_ust_details_identitymappedbytest bookset0_ where bookset0_.student_student_id=?
2022-11-15 11:11:33.054 DEBUG 13120 --- [http-nio-8080-exec-4] org.hibernate.SQL                        : select student0_.student_id as student_1_1_0_, student0_.age as age2_1_0_, student0_.book_id as book_id9_1_0_, student0_.create_date as create_d3_1_0_, student0_.email as email4_1_0_, student0_.modify_date as modify_d5_1_0_, student0_.name as name6_1_0_, student0_.password as password7_1_0_, student0_.roll_no as roll_no8_1_0_, book1_.book_id as book_id1_0_1_, book1_.book_author as book_aut2_0_1_, book1_.book_name as book_nam3_0_1_, book1_.create_date as create_d4_0_1_, book1_.isbn_no as isbn_no5_0_1_, book1_.modify_date as modify_d6_0_1_, book1_.student_student_id as student_7_0_1_, student2_.student_id as student_1_1_2_, student2_.age as age2_1_2_, student2_.book_id as book_id9_1_2_, student2_.create_date as create_d3_1_2_, student2_.email as email4_1_2_, student2_.modify_date as modify_d5_1_2_, student2_.name as name6_1_2_, student2_.password as password7_1_2_, student2_.roll_no as roll_no8_1_2_ from student_ustbatch_identitymappedbytestest student0_ left outer join book_ust_details_identitymappedbytest book1_ on student0_.book_id=book1_.book_id left outer join student_ustbatch_identitymappedbytestest student2_ on book1_.student_student_id=student2_.student_id where student0_.student_id=?
2022-11-15 11:11:33.074 DEBUG 13120 --- [http-nio-8080-exec-4] org.hibernate.SQL                        : select bookset0_.student_student_id as student_7_0_0_, bookset0_.book_id as book_id1_0_0_, bookset0_.book_id as book_id1_0_1_, bookset0_.book_author as book_aut2_0_1_, bookset0_.book_name as book_nam3_0_1_, bookset0_.create_date as create_d4_0_1_, bookset0_.isbn_no as isbn_no5_0_1_, bookset0_.modify_date as modify_d6_0_1_, bookset0_.student_student_id as student_7_0_1_ from book_ust_details_identitymappedbytest bookset0_ where bookset0_.student_student_id=?
2022-11-15 12:12:21.873  INFO 13120 --- [SpringApplicationShutdownHook] j.LocalContainerEntityManagerFactoryBean : Closing JPA EntityManagerFactory for persistence unit 'default'
2022-11-15 12:12:21.884  INFO 13120 --- [SpringApplicationShutdownHook] com.zaxxer.hikari.HikariDataSource       : HikariPool-1 - Shutdown initiated...
2022-11-15 12:12:21.913  INFO 13120 --- [SpringApplicationShutdownHook] com.zaxxer.hikari.HikariDataSource       : HikariPool-1 - Shutdown completed.
2022-11-15 12:12:31.019  INFO 19648 --- [restartedMain] com.student.ust.UstApplication           : Starting UstApplication using Java 1.8.0_241 on ustfsd02 with PID 19648 (C:\Users\ustjavafsdb201\Downloads\ust\target\classes started by ustjavafsdb201 in C:\Users\ustjavafsdb201\Downloads\ust)
2022-11-15 12:12:31.021 DEBUG 19648 --- [restartedMain] com.student.ust.UstApplication           : Running with Spring Boot v2.7.5, Spring v5.3.23
2022-11-15 12:12:31.022  INFO 19648 --- [restartedMain] com.student.ust.UstApplication           : The following 1 profile is active: "dev"
2022-11-15 12:12:31.098  INFO 19648 --- [restartedMain] .e.DevToolsPropertyDefaultsPostProcessor : Devtools property defaults active! Set 'spring.devtools.add-properties' to 'false' to disable
2022-11-15 12:12:31.100  INFO 19648 --- [restartedMain] .e.DevToolsPropertyDefaultsPostProcessor : For additional web related logging consider setting the 'logging.level.web' property to 'DEBUG'
2022-11-15 12:12:32.567  INFO 19648 --- [restartedMain] .s.d.r.c.RepositoryConfigurationDelegate : Bootstrapping Spring Data JPA repositories in DEFAULT mode.
2022-11-15 12:12:32.653  INFO 19648 --- [restartedMain] .s.d.r.c.RepositoryConfigurationDelegate : Finished Spring Data repository scanning in 72 ms. Found 2 JPA repository interfaces.
2022-11-15 12:12:33.909  INFO 19648 --- [restartedMain] o.s.b.w.embedded.tomcat.TomcatWebServer  : Tomcat initialized with port(s): 8080 (http)
2022-11-15 12:12:33.926  INFO 19648 --- [restartedMain] o.apache.catalina.core.StandardService   : Starting service [Tomcat]
2022-11-15 12:12:33.927  INFO 19648 --- [restartedMain] org.apache.catalina.core.StandardEngine  : Starting Servlet engine: [Apache Tomcat/9.0.68]
2022-11-15 12:12:34.165  INFO 19648 --- [restartedMain] o.a.c.c.C.[Tomcat].[localhost].[/]       : Initializing Spring embedded WebApplicationContext
2022-11-15 12:12:34.165  INFO 19648 --- [restartedMain] w.s.c.ServletWebServerApplicationContext : Root WebApplicationContext: initialization completed in 3064 ms
2022-11-15 12:12:34.564  INFO 19648 --- [restartedMain] o.hibernate.jpa.internal.util.LogHelper  : HHH000204: Processing PersistenceUnitInfo [name: default]
2022-11-15 12:12:34.722  INFO 19648 --- [restartedMain] org.hibernate.Version                    : HHH000412: Hibernate ORM core version 5.6.12.Final
2022-11-15 12:12:35.121  INFO 19648 --- [restartedMain] o.hibernate.annotations.common.Version   : HCANN000001: Hibernate Commons Annotations {5.1.2.Final}
2022-11-15 12:12:35.356  INFO 19648 --- [restartedMain] com.zaxxer.hikari.HikariDataSource       : HikariPool-1 - Starting...
2022-11-15 12:12:36.120  INFO 19648 --- [restartedMain] com.zaxxer.hikari.HikariDataSource       : HikariPool-1 - Start completed.
2022-11-15 12:12:36.158  INFO 19648 --- [restartedMain] org.hibernate.dialect.Dialect            : HHH000400: Using dialect: org.hibernate.dialect.MySQL5Dialect
2022-11-15 12:12:37.623 DEBUG 19648 --- [restartedMain] org.hibernate.SQL                        : alter table book_ust_details_identitymappedbytest add constraint FKn100udym3gufc79wcdbpw7snq foreign key (student_student_id) references student_ustbatch_identitymappedbytestest (student_id)
2022-11-15 12:12:37.709 DEBUG 19648 --- [restartedMain] org.hibernate.SQL                        : alter table student_ustbatch_identitymappedbytestest add constraint FK19m3ft81ik3w69ik5c5bdn6pv foreign key (book_id) references book_ust_details_identitymappedbytest (book_id)
2022-11-15 12:12:37.765  INFO 19648 --- [restartedMain] o.h.e.t.j.p.i.JtaPlatformInitiator       : HHH000490: Using JtaPlatform implementation: [org.hibernate.engine.transaction.jta.platform.internal.NoJtaPlatform]
2022-11-15 12:12:37.783  INFO 19648 --- [restartedMain] j.LocalContainerEntityManagerFactoryBean : Initialized JPA EntityManagerFactory for persistence unit 'default'
2022-11-15 12:12:39.091  WARN 19648 --- [restartedMain] JpaBaseConfiguration$JpaWebConfiguration : spring.jpa.open-in-view is enabled by default. Therefore, database queries may be performed during view rendering. Explicitly configure spring.jpa.open-in-view to disable this warning
2022-11-15 12:12:39.317  INFO 19648 --- [restartedMain] pertySourcedRequestMappingHandlerMapping : Mapped URL path [/v2/api-docs] onto method [springfox.documentation.swagger2.web.Swagger2Controller#getDocumentation(String, HttpServletRequest)]
2022-11-15 12:12:39.510  INFO 19648 --- [restartedMain] o.s.b.d.a.OptionalLiveReloadServer       : LiveReload server is running on port 35729
2022-11-15 12:12:40.810  INFO 19648 --- [restartedMain] o.s.b.w.embedded.tomcat.TomcatWebServer  : Tomcat started on port(s): 8080 (http) with context path ''
2022-11-15 12:12:40.812  INFO 19648 --- [restartedMain] d.s.w.p.DocumentationPluginsBootstrapper : Context refreshed
2022-11-15 12:12:40.845  INFO 19648 --- [restartedMain] d.s.w.p.DocumentationPluginsBootstrapper : Found 1 custom documentation plugin(s)
2022-11-15 12:12:40.918  INFO 19648 --- [restartedMain] s.d.s.w.s.ApiListingReferenceScanner     : Scanning for api listing references
2022-11-15 12:12:41.106  INFO 19648 --- [restartedMain] .d.s.w.r.o.CachingOperationNameGenerator : Generating unique operation named: addUsingPOST_1
2022-11-15 12:12:41.109  INFO 19648 --- [restartedMain] .d.s.w.r.o.CachingOperationNameGenerator : Generating unique operation named: deleteUsingDELETE_1
2022-11-15 12:12:41.114  INFO 19648 --- [restartedMain] .d.s.w.r.o.CachingOperationNameGenerator : Generating unique operation named: getUsingGET_1
2022-11-15 12:12:41.118  INFO 19648 --- [restartedMain] .d.s.w.r.o.CachingOperationNameGenerator : Generating unique operation named: getAllUsingGET_1
2022-11-15 12:12:41.155  INFO 19648 --- [restartedMain] com.student.ust.UstApplication           : Started UstApplication in 10.751 seconds (JVM running for 11.77)
2022-11-15 12:13:29.042  INFO 19648 --- [SpringApplicationShutdownHook] j.LocalContainerEntityManagerFactoryBean : Closing JPA EntityManagerFactory for persistence unit 'default'
2022-11-15 12:13:29.049  INFO 19648 --- [SpringApplicationShutdownHook] com.zaxxer.hikari.HikariDataSource       : HikariPool-1 - Shutdown initiated...
2022-11-15 12:13:29.063  INFO 19648 --- [SpringApplicationShutdownHook] com.zaxxer.hikari.HikariDataSource       : HikariPool-1 - Shutdown completed.
2022-11-15 12:13:36.291  INFO 11932 --- [restartedMain] com.student.ust.UstApplication           : Starting UstApplication using Java 1.8.0_241 on ustfsd02 with PID 11932 (C:\Users\ustjavafsdb201\Downloads\ust\target\classes started by ustjavafsdb201 in C:\Users\ustjavafsdb201\Downloads\ust)
2022-11-15 12:13:36.293 DEBUG 11932 --- [restartedMain] com.student.ust.UstApplication           : Running with Spring Boot v2.7.5, Spring v5.3.23
2022-11-15 12:13:36.293  INFO 11932 --- [restartedMain] com.student.ust.UstApplication           : The following 1 profile is active: "dev"
2022-11-15 12:13:36.368  INFO 11932 --- [restartedMain] .e.DevToolsPropertyDefaultsPostProcessor : Devtools property defaults active! Set 'spring.devtools.add-properties' to 'false' to disable
2022-11-15 12:13:36.369  INFO 11932 --- [restartedMain] .e.DevToolsPropertyDefaultsPostProcessor : For additional web related logging consider setting the 'logging.level.web' property to 'DEBUG'
2022-11-15 12:13:37.743  INFO 11932 --- [restartedMain] .s.d.r.c.RepositoryConfigurationDelegate : Bootstrapping Spring Data JPA repositories in DEFAULT mode.
2022-11-15 12:13:37.829  INFO 11932 --- [restartedMain] .s.d.r.c.RepositoryConfigurationDelegate : Finished Spring Data repository scanning in 72 ms. Found 2 JPA repository interfaces.
2022-11-15 12:13:39.029  INFO 11932 --- [restartedMain] o.s.b.w.embedded.tomcat.TomcatWebServer  : Tomcat initialized with port(s): 8080 (http)
2022-11-15 12:13:39.045  INFO 11932 --- [restartedMain] o.apache.catalina.core.StandardService   : Starting service [Tomcat]
2022-11-15 12:13:39.045  INFO 11932 --- [restartedMain] org.apache.catalina.core.StandardEngine  : Starting Servlet engine: [Apache Tomcat/9.0.68]
2022-11-15 12:13:39.284  INFO 11932 --- [restartedMain] o.a.c.c.C.[Tomcat].[localhost].[/]       : Initializing Spring embedded WebApplicationContext
2022-11-15 12:13:39.285  INFO 11932 --- [restartedMain] w.s.c.ServletWebServerApplicationContext : Root WebApplicationContext: initialization completed in 2916 ms
2022-11-15 12:13:39.817  INFO 11932 --- [restartedMain] o.hibernate.jpa.internal.util.LogHelper  : HHH000204: Processing PersistenceUnitInfo [name: default]
2022-11-15 12:13:39.897  INFO 11932 --- [restartedMain] org.hibernate.Version                    : HHH000412: Hibernate ORM core version 5.6.12.Final
2022-11-15 12:13:40.152  INFO 11932 --- [restartedMain] o.hibernate.annotations.common.Version   : HCANN000001: Hibernate Commons Annotations {5.1.2.Final}
2022-11-15 12:13:40.329  INFO 11932 --- [restartedMain] com.zaxxer.hikari.HikariDataSource       : HikariPool-1 - Starting...
2022-11-15 12:13:41.079  INFO 11932 --- [restartedMain] com.zaxxer.hikari.HikariDataSource       : HikariPool-1 - Start completed.
2022-11-15 12:13:41.124  INFO 11932 --- [restartedMain] org.hibernate.dialect.Dialect            : HHH000400: Using dialect: org.hibernate.dialect.MySQL5Dialect
2022-11-15 12:13:42.353 DEBUG 11932 --- [restartedMain] org.hibernate.SQL                        : alter table book_ust_details_identitymappedbytest add constraint FKn100udym3gufc79wcdbpw7snq foreign key (student_student_id) references student_ustbatch_identitymappedbytestest (student_id)
2022-11-15 12:13:42.468 DEBUG 11932 --- [restartedMain] org.hibernate.SQL                        : alter table student_ustbatch_identitymappedbytestest add constraint FK19m3ft81ik3w69ik5c5bdn6pv foreign key (book_id) references book_ust_details_identitymappedbytest (book_id)
2022-11-15 12:13:42.515  INFO 11932 --- [restartedMain] o.h.e.t.j.p.i.JtaPlatformInitiator       : HHH000490: Using JtaPlatform implementation: [org.hibernate.engine.transaction.jta.platform.internal.NoJtaPlatform]
2022-11-15 12:13:42.528  INFO 11932 --- [restartedMain] j.LocalContainerEntityManagerFactoryBean : Initialized JPA EntityManagerFactory for persistence unit 'default'
2022-11-15 12:13:43.871  WARN 11932 --- [restartedMain] JpaBaseConfiguration$JpaWebConfiguration : spring.jpa.open-in-view is enabled by default. Therefore, database queries may be performed during view rendering. Explicitly configure spring.jpa.open-in-view to disable this warning
2022-11-15 12:13:44.104  INFO 11932 --- [restartedMain] pertySourcedRequestMappingHandlerMapping : Mapped URL path [/v2/api-docs] onto method [springfox.documentation.swagger2.web.Swagger2Controller#getDocumentation(String, HttpServletRequest)]
2022-11-15 12:13:44.285  INFO 11932 --- [restartedMain] o.s.b.d.a.OptionalLiveReloadServer       : LiveReload server is running on port 35729
2022-11-15 12:13:45.685  INFO 11932 --- [restartedMain] o.s.b.w.embedded.tomcat.TomcatWebServer  : Tomcat started on port(s): 8080 (http) with context path ''
2022-11-15 12:13:45.686  INFO 11932 --- [restartedMain] d.s.w.p.DocumentationPluginsBootstrapper : Context refreshed
2022-11-15 12:13:45.715  INFO 11932 --- [restartedMain] d.s.w.p.DocumentationPluginsBootstrapper : Found 1 custom documentation plugin(s)
2022-11-15 12:13:45.786  INFO 11932 --- [restartedMain] s.d.s.w.s.ApiListingReferenceScanner     : Scanning for api listing references
2022-11-15 12:13:46.001  INFO 11932 --- [restartedMain] .d.s.w.r.o.CachingOperationNameGenerator : Generating unique operation named: addUsingPOST_1
2022-11-15 12:13:46.004  INFO 11932 --- [restartedMain] .d.s.w.r.o.CachingOperationNameGenerator : Generating unique operation named: deleteUsingDELETE_1
2022-11-15 12:13:46.009  INFO 11932 --- [restartedMain] .d.s.w.r.o.CachingOperationNameGenerator : Generating unique operation named: getUsingGET_1
2022-11-15 12:13:46.014  INFO 11932 --- [restartedMain] .d.s.w.r.o.CachingOperationNameGenerator : Generating unique operation named: getAllUsingGET_1
2022-11-15 12:13:46.046  INFO 11932 --- [restartedMain] com.student.ust.UstApplication           : Started UstApplication in 10.342 seconds (JVM running for 11.306)
2022-11-15 12:13:51.676  INFO 11932 --- [http-nio-8080-exec-2] o.a.c.c.C.[Tomcat].[localhost].[/]       : Initializing Spring DispatcherServlet 'dispatcherServlet'
2022-11-15 12:13:51.676  INFO 11932 --- [http-nio-8080-exec-2] o.s.web.servlet.DispatcherServlet        : Initializing Servlet 'dispatcherServlet'
2022-11-15 12:13:51.678  INFO 11932 --- [http-nio-8080-exec-2] o.s.web.servlet.DispatcherServlet        : Completed initialization in 2 ms
2022-11-15 12:13:51.779 DEBUG 11932 --- [http-nio-8080-exec-2] org.hibernate.SQL                        : select student0_.student_id as student_1_1_0_, student0_.age as age2_1_0_, student0_.book_id as book_id9_1_0_, student0_.create_date as create_d3_1_0_, student0_.email as email4_1_0_, student0_.modify_date as modify_d5_1_0_, student0_.name as name6_1_0_, student0_.password as password7_1_0_, student0_.roll_no as roll_no8_1_0_, book1_.book_id as book_id1_0_1_, book1_.book_author as book_aut2_0_1_, book1_.book_name as book_nam3_0_1_, book1_.create_date as create_d4_0_1_, book1_.isbn_no as isbn_no5_0_1_, book1_.modify_date as modify_d6_0_1_, book1_.student_student_id as student_7_0_1_, student2_.student_id as student_1_1_2_, student2_.age as age2_1_2_, student2_.book_id as book_id9_1_2_, student2_.create_date as create_d3_1_2_, student2_.email as email4_1_2_, student2_.modify_date as modify_d5_1_2_, student2_.name as name6_1_2_, student2_.password as password7_1_2_, student2_.roll_no as roll_no8_1_2_ from student_ustbatch_identitymappedbytestest student0_ left outer join book_ust_details_identitymappedbytest book1_ on student0_.book_id=book1_.book_id left outer join student_ustbatch_identitymappedbytestest student2_ on book1_.student_student_id=student2_.student_id where student0_.student_id=?
2022-11-15 12:29:25.973  INFO 11932 --- [SpringApplicationShutdownHook] j.LocalContainerEntityManagerFactoryBean : Closing JPA EntityManagerFactory for persistence unit 'default'
2022-11-15 12:29:25.980  INFO 11932 --- [SpringApplicationShutdownHook] com.zaxxer.hikari.HikariDataSource       : HikariPool-1 - Shutdown initiated...
2022-11-15 12:29:25.996  INFO 11932 --- [SpringApplicationShutdownHook] com.zaxxer.hikari.HikariDataSource       : HikariPool-1 - Shutdown completed.
2022-11-15 12:29:30.310  INFO 20372 --- [restartedMain] com.student.ust.UstApplication           : Starting UstApplication using Java 1.8.0_241 on ustfsd02 with PID 20372 (C:\Users\ustjavafsdb201\Downloads\ust\target\classes started by ustjavafsdb201 in C:\Users\ustjavafsdb201\Downloads\ust)
2022-11-15 12:29:30.311 DEBUG 20372 --- [restartedMain] com.student.ust.UstApplication           : Running with Spring Boot v2.7.5, Spring v5.3.23
2022-11-15 12:29:30.312  INFO 20372 --- [restartedMain] com.student.ust.UstApplication           : The following 1 profile is active: "dev"
2022-11-15 12:29:30.389  INFO 20372 --- [restartedMain] .e.DevToolsPropertyDefaultsPostProcessor : Devtools property defaults active! Set 'spring.devtools.add-properties' to 'false' to disable
2022-11-15 12:29:30.389  INFO 20372 --- [restartedMain] .e.DevToolsPropertyDefaultsPostProcessor : For additional web related logging consider setting the 'logging.level.web' property to 'DEBUG'
2022-11-15 12:29:31.759  INFO 20372 --- [restartedMain] .s.d.r.c.RepositoryConfigurationDelegate : Bootstrapping Spring Data JPA repositories in DEFAULT mode.
2022-11-15 12:29:31.845  INFO 20372 --- [restartedMain] .s.d.r.c.RepositoryConfigurationDelegate : Finished Spring Data repository scanning in 73 ms. Found 2 JPA repository interfaces.
2022-11-15 12:29:32.944  INFO 20372 --- [restartedMain] o.s.b.w.embedded.tomcat.TomcatWebServer  : Tomcat initialized with port(s): 8080 (http)
2022-11-15 12:29:32.965  INFO 20372 --- [restartedMain] o.apache.catalina.core.StandardService   : Starting service [Tomcat]
2022-11-15 12:29:32.966  INFO 20372 --- [restartedMain] org.apache.catalina.core.StandardEngine  : Starting Servlet engine: [Apache Tomcat/9.0.68]
2022-11-15 12:29:33.168  INFO 20372 --- [restartedMain] o.a.c.c.C.[Tomcat].[localhost].[/]       : Initializing Spring embedded WebApplicationContext
2022-11-15 12:29:33.169  INFO 20372 --- [restartedMain] w.s.c.ServletWebServerApplicationContext : Root WebApplicationContext: initialization completed in 2779 ms
2022-11-15 12:29:33.532  INFO 20372 --- [restartedMain] o.hibernate.jpa.internal.util.LogHelper  : HHH000204: Processing PersistenceUnitInfo [name: default]
2022-11-15 12:29:33.612  INFO 20372 --- [restartedMain] org.hibernate.Version                    : HHH000412: Hibernate ORM core version 5.6.12.Final
2022-11-15 12:29:33.879  INFO 20372 --- [restartedMain] o.hibernate.annotations.common.Version   : HCANN000001: Hibernate Commons Annotations {5.1.2.Final}
2022-11-15 12:29:34.048  INFO 20372 --- [restartedMain] com.zaxxer.hikari.HikariDataSource       : HikariPool-1 - Starting...
2022-11-15 12:29:34.758  INFO 20372 --- [restartedMain] com.zaxxer.hikari.HikariDataSource       : HikariPool-1 - Start completed.
2022-11-15 12:29:34.784  INFO 20372 --- [restartedMain] org.hibernate.dialect.Dialect            : HHH000400: Using dialect: org.hibernate.dialect.MySQL5Dialect
2022-11-15 12:29:35.961 DEBUG 20372 --- [restartedMain] org.hibernate.SQL                        : alter table book_ust_details_identitymappedbytest add constraint FKn100udym3gufc79wcdbpw7snq foreign key (student_student_id) references student_ustbatch_identitymappedbytestest (student_id)
2022-11-15 12:29:36.035 DEBUG 20372 --- [restartedMain] org.hibernate.SQL                        : alter table student_ustbatch_identitymappedbytestest add constraint FK19m3ft81ik3w69ik5c5bdn6pv foreign key (book_id) references book_ust_details_identitymappedbytest (book_id)
2022-11-15 12:29:36.082  INFO 20372 --- [restartedMain] o.h.e.t.j.p.i.JtaPlatformInitiator       : HHH000490: Using JtaPlatform implementation: [org.hibernate.engine.transaction.jta.platform.internal.NoJtaPlatform]
2022-11-15 12:29:36.094  INFO 20372 --- [restartedMain] j.LocalContainerEntityManagerFactoryBean : Initialized JPA EntityManagerFactory for persistence unit 'default'
2022-11-15 12:29:37.313  WARN 20372 --- [restartedMain] JpaBaseConfiguration$JpaWebConfiguration : spring.jpa.open-in-view is enabled by default. Therefore, database queries may be performed during view rendering. Explicitly configure spring.jpa.open-in-view to disable this warning
2022-11-15 12:29:37.508  INFO 20372 --- [restartedMain] pertySourcedRequestMappingHandlerMapping : Mapped URL path [/v2/api-docs] onto method [springfox.documentation.swagger2.web.Swagger2Controller#getDocumentation(String, HttpServletRequest)]
2022-11-15 12:29:37.686  INFO 20372 --- [restartedMain] o.s.b.d.a.OptionalLiveReloadServer       : LiveReload server is running on port 35729
2022-11-15 12:29:39.009  INFO 20372 --- [restartedMain] o.s.b.w.embedded.tomcat.TomcatWebServer  : Tomcat started on port(s): 8080 (http) with context path ''
2022-11-15 12:29:39.010  INFO 20372 --- [restartedMain] d.s.w.p.DocumentationPluginsBootstrapper : Context refreshed
2022-11-15 12:29:39.038  INFO 20372 --- [restartedMain] d.s.w.p.DocumentationPluginsBootstrapper : Found 1 custom documentation plugin(s)
2022-11-15 12:29:39.113  INFO 20372 --- [restartedMain] s.d.s.w.s.ApiListingReferenceScanner     : Scanning for api listing references
2022-11-15 12:29:39.324  INFO 20372 --- [restartedMain] .d.s.w.r.o.CachingOperationNameGenerator : Generating unique operation named: addUsingPOST_1
2022-11-15 12:29:39.327  INFO 20372 --- [restartedMain] .d.s.w.r.o.CachingOperationNameGenerator : Generating unique operation named: deleteUsingDELETE_1
2022-11-15 12:29:39.332  INFO 20372 --- [restartedMain] .d.s.w.r.o.CachingOperationNameGenerator : Generating unique operation named: getUsingGET_1
2022-11-15 12:29:39.337  INFO 20372 --- [restartedMain] .d.s.w.r.o.CachingOperationNameGenerator : Generating unique operation named: getAllUsingGET_1
2022-11-15 12:29:39.369  INFO 20372 --- [restartedMain] com.student.ust.UstApplication           : Started UstApplication in 9.653 seconds (JVM running for 10.714)
2022-11-15 12:37:16.335  INFO 20372 --- [SpringApplicationShutdownHook] j.LocalContainerEntityManagerFactoryBean : Closing JPA EntityManagerFactory for persistence unit 'default'
2022-11-15 12:37:16.342  INFO 20372 --- [SpringApplicationShutdownHook] com.zaxxer.hikari.HikariDataSource       : HikariPool-1 - Shutdown initiated...
2022-11-15 12:37:16.358  INFO 20372 --- [SpringApplicationShutdownHook] com.zaxxer.hikari.HikariDataSource       : HikariPool-1 - Shutdown completed.
